============================= test session starts ==============================
platform linux -- Python 3.12.3, pytest-9.0.2, pluggy-1.6.0
rootdir: /home/maksym/Work/proj/Problemologist/Problemologist-AI
configfile: pyproject.toml
plugins: anyio-4.12.1, cov-7.0.0, asyncio-1.3.0, hypothesis-6.151.5, typeguard-4.4.4, xdist-3.8.0, schemathesis-4.9.5, langsmith-0.6.8
asyncio: mode=Mode.STRICT, debug=False, asyncio_default_fixture_loop_scope=None, asyncio_default_test_loop_scope=function
created: 4/4 workers
4 workers [1 item]

F
=================================== FAILURES ===================================
____________________ test_benchmark_generation_integration _____________________
[gw0] linux -- Python 3.12.3 /home/maksym/Work/proj/Problemologist/Problemologist-AI/.venv/bin/python
Traceback (most recent call last):
  File "/home/maksym/Work/proj/Problemologist/Problemologist-AI/.venv/lib/python3.12/site-packages/_pytest/runner.py", line 353, in from_call
    result: TResult | None = func()
                             ^^^^^^
  File "/home/maksym/Work/proj/Problemologist/Problemologist-AI/.venv/lib/python3.12/site-packages/_pytest/runner.py", line 245, in <lambda>
    lambda: runtest_hook(item=item, **kwds),
            ^^^^^^^^^^^^^^^^^^^^^^^^^^^^^^^
  File "/home/maksym/Work/proj/Problemologist/Problemologist-AI/.venv/lib/python3.12/site-packages/pluggy/_hooks.py", line 512, in __call__
    return self._hookexec(self.name, self._hookimpls.copy(), kwargs, firstresult)
           ^^^^^^^^^^^^^^^^^^^^^^^^^^^^^^^^^^^^^^^^^^^^^^^^^^^^^^^^^^^^^^^^^^^^^^
  File "/home/maksym/Work/proj/Problemologist/Problemologist-AI/.venv/lib/python3.12/site-packages/pluggy/_manager.py", line 120, in _hookexec
    return self._inner_hookexec(hook_name, methods, kwargs, firstresult)
           ^^^^^^^^^^^^^^^^^^^^^^^^^^^^^^^^^^^^^^^^^^^^^^^^^^^^^^^^^^^^^
  File "/home/maksym/Work/proj/Problemologist/Problemologist-AI/.venv/lib/python3.12/site-packages/pluggy/_callers.py", line 167, in _multicall
    raise exception
  File "/home/maksym/Work/proj/Problemologist/Problemologist-AI/.venv/lib/python3.12/site-packages/pluggy/_callers.py", line 139, in _multicall
    teardown.throw(exception)
  File "/home/maksym/Work/proj/Problemologist/Problemologist-AI/.venv/lib/python3.12/site-packages/_pytest/logging.py", line 850, in pytest_runtest_call
    yield
  File "/home/maksym/Work/proj/Problemologist/Problemologist-AI/.venv/lib/python3.12/site-packages/pluggy/_callers.py", line 139, in _multicall
    teardown.throw(exception)
  File "/home/maksym/Work/proj/Problemologist/Problemologist-AI/.venv/lib/python3.12/site-packages/_pytest/capture.py", line 900, in pytest_runtest_call
    return (yield)
            ^^^^^
  File "/home/maksym/Work/proj/Problemologist/Problemologist-AI/.venv/lib/python3.12/site-packages/pluggy/_callers.py", line 139, in _multicall
    teardown.throw(exception)
  File "/home/maksym/Work/proj/Problemologist/Problemologist-AI/.venv/lib/python3.12/site-packages/pluggy/_callers.py", line 53, in run_old_style_hookwrapper
    return result.get_result()
           ^^^^^^^^^^^^^^^^^^^
  File "/home/maksym/Work/proj/Problemologist/Problemologist-AI/.venv/lib/python3.12/site-packages/pluggy/_result.py", line 103, in get_result
    raise exc.with_traceback(tb)
  File "/home/maksym/Work/proj/Problemologist/Problemologist-AI/.venv/lib/python3.12/site-packages/pluggy/_callers.py", line 38, in run_old_style_hookwrapper
    res = yield
          ^^^^^
  File "/home/maksym/Work/proj/Problemologist/Problemologist-AI/.venv/lib/python3.12/site-packages/pluggy/_callers.py", line 139, in _multicall
    teardown.throw(exception)
  File "/home/maksym/Work/proj/Problemologist/Problemologist-AI/.venv/lib/python3.12/site-packages/pluggy/_callers.py", line 53, in run_old_style_hookwrapper
    return result.get_result()
           ^^^^^^^^^^^^^^^^^^^
  File "/home/maksym/Work/proj/Problemologist/Problemologist-AI/.venv/lib/python3.12/site-packages/pluggy/_result.py", line 103, in get_result
    raise exc.with_traceback(tb)
  File "/home/maksym/Work/proj/Problemologist/Problemologist-AI/.venv/lib/python3.12/site-packages/pluggy/_callers.py", line 38, in run_old_style_hookwrapper
    res = yield
          ^^^^^
  File "/home/maksym/Work/proj/Problemologist/Problemologist-AI/.venv/lib/python3.12/site-packages/pluggy/_callers.py", line 139, in _multicall
    teardown.throw(exception)
  File "/home/maksym/Work/proj/Problemologist/Problemologist-AI/.venv/lib/python3.12/site-packages/_pytest/skipping.py", line 268, in pytest_runtest_call
    return (yield)
            ^^^^^
  File "/home/maksym/Work/proj/Problemologist/Problemologist-AI/.venv/lib/python3.12/site-packages/pluggy/_callers.py", line 121, in _multicall
    res = hook_impl.function(*args)
          ^^^^^^^^^^^^^^^^^^^^^^^^^
  File "/home/maksym/Work/proj/Problemologist/Problemologist-AI/.venv/lib/python3.12/site-packages/_pytest/runner.py", line 179, in pytest_runtest_call
    item.runtest()
  File "/home/maksym/Work/proj/Problemologist/Problemologist-AI/.venv/lib/python3.12/site-packages/pytest_asyncio/plugin.py", line 469, in runtest
    super().runtest()
  File "/home/maksym/Work/proj/Problemologist/Problemologist-AI/.venv/lib/python3.12/site-packages/_pytest/python.py", line 1720, in runtest
    self.ihook.pytest_pyfunc_call(pyfuncitem=self)
  File "/home/maksym/Work/proj/Problemologist/Problemologist-AI/.venv/lib/python3.12/site-packages/pluggy/_hooks.py", line 512, in __call__
    return self._hookexec(self.name, self._hookimpls.copy(), kwargs, firstresult)
           ^^^^^^^^^^^^^^^^^^^^^^^^^^^^^^^^^^^^^^^^^^^^^^^^^^^^^^^^^^^^^^^^^^^^^^
  File "/home/maksym/Work/proj/Problemologist/Problemologist-AI/.venv/lib/python3.12/site-packages/pluggy/_manager.py", line 120, in _hookexec
    return self._inner_hookexec(hook_name, methods, kwargs, firstresult)
           ^^^^^^^^^^^^^^^^^^^^^^^^^^^^^^^^^^^^^^^^^^^^^^^^^^^^^^^^^^^^^
  File "/home/maksym/Work/proj/Problemologist/Problemologist-AI/.venv/lib/python3.12/site-packages/pluggy/_callers.py", line 167, in _multicall
    raise exception
  File "/home/maksym/Work/proj/Problemologist/Problemologist-AI/.venv/lib/python3.12/site-packages/pluggy/_callers.py", line 139, in _multicall
    teardown.throw(exception)
  File "/home/maksym/Work/proj/Problemologist/Problemologist-AI/.venv/lib/python3.12/site-packages/pluggy/_callers.py", line 53, in run_old_style_hookwrapper
    return result.get_result()
           ^^^^^^^^^^^^^^^^^^^
  File "/home/maksym/Work/proj/Problemologist/Problemologist-AI/.venv/lib/python3.12/site-packages/pluggy/_result.py", line 103, in get_result
    raise exc.with_traceback(tb)
  File "/home/maksym/Work/proj/Problemologist/Problemologist-AI/.venv/lib/python3.12/site-packages/pluggy/_callers.py", line 38, in run_old_style_hookwrapper
    res = yield
          ^^^^^
  File "/home/maksym/Work/proj/Problemologist/Problemologist-AI/.venv/lib/python3.12/site-packages/pluggy/_callers.py", line 139, in _multicall
    teardown.throw(exception)
  File "/home/maksym/Work/proj/Problemologist/Problemologist-AI/.venv/lib/python3.12/site-packages/schemathesis/pytest/plugin.py", line 420, in pytest_pyfunc_call
    yield
  File "/home/maksym/Work/proj/Problemologist/Problemologist-AI/.venv/lib/python3.12/site-packages/pluggy/_callers.py", line 121, in _multicall
    res = hook_impl.function(*args)
          ^^^^^^^^^^^^^^^^^^^^^^^^^
  File "/home/maksym/Work/proj/Problemologist/Problemologist-AI/.venv/lib/python3.12/site-packages/_pytest/python.py", line 166, in pytest_pyfunc_call
    result = testfunction(**testargs)
             ^^^^^^^^^^^^^^^^^^^^^^^^
  File "/home/maksym/Work/proj/Problemologist/Problemologist-AI/.venv/lib/python3.12/site-packages/pytest_asyncio/plugin.py", line 716, in inner
    runner.run(coro, context=context)
  File "/usr/lib/python3.12/asyncio/runners.py", line 118, in run
    return self._loop.run_until_complete(task)
           ^^^^^^^^^^^^^^^^^^^^^^^^^^^^^^^^^^^
  File "/usr/lib/python3.12/asyncio/base_events.py", line 687, in run_until_complete
    return future.result()
           ^^^^^^^^^^^^^^^
  File "/home/maksym/Work/proj/Problemologist/Problemologist-AI/tests/test_benchmark_integration.py", line 61, in test_benchmark_generation_integration
    result = await generator_agent.ainvoke(state, config={"recursion_limit": 50})
             ^^^^^^^^^^^^^^^^^^^^^^^^^^^^^^^^^^^^^^^^^^^^^^^^^^^^^^^^^^^^^^^^^^^^
  File "/home/maksym/Work/proj/Problemologist/Problemologist-AI/.venv/lib/python3.12/site-packages/langgraph/pregel/main.py", line 3161, in ainvoke
    async for chunk in self.astream(
  File "/home/maksym/Work/proj/Problemologist/Problemologist-AI/.venv/lib/python3.12/site-packages/langgraph/pregel/main.py", line 3017, in astream
    raise GraphRecursionError(msg)
langgraph.errors.GraphRecursionError: Recursion limit of 50 reached without hitting a stop condition. You can increase the limit by setting the `recursion_limit` config key.
For troubleshooting, visit: https://docs.langchain.com/oss/python/langgraph/errors/GRAPH_RECURSION_LIMIT
=========================== short test summary info ============================
FAILED tests/test_benchmark_integration.py::test_benchmark_generation_integration
======================== 1 failed in 583.79s (0:09:43) =========================
