<?xml version="1.0" encoding="utf-8"?><testsuites name="pytest tests"><testsuite name="pytest" errors="0" failures="0" skipped="0" tests="5" time="56.434" timestamp="2026-02-25T14:19:44.044996+00:00" hostname="devbox"><testcase classname="tests.integration.architecture_p0.test_int_120_electronics" name="test_int_120_circuit_validation_gate" time="55.540" /><testcase classname="tests.integration.architecture_p0.test_int_120_electronics" name="test_int_121_short_circuit_detection" time="0.137" /><testcase classname="tests.integration.architecture_p0.test_int_120_electronics" name="test_int_122_overcurrent_supply_detection" time="0.140" /><testcase classname="tests.integration.architecture_p0.test_int_120_electronics" name="test_int_123_overcurrent_wire_detection" time="0.130" /><testcase classname="tests.integration.architecture_p0.test_int_120_electronics" name="test_int_124_open_circuit_detection" time="0.137" /></testsuite></testsuites>