<?xml version="1.0" encoding="utf-8"?><testsuites name="pytest tests"><testsuite name="pytest" errors="0" failures="0" skipped="0" tests="4" time="1.361" timestamp="2026-02-26T01:16:24.157774+00:00" hostname="devbox"><testcase classname="tests.integration.architecture_p0.test_int_061_064" name="test_int_061_asset_serving_security" time="0.351" /><testcase classname="tests.integration.architecture_p0.test_int_061_064" name="test_int_062_worker_openapi_contract" time="0.388" /><testcase classname="tests.integration.architecture_p0.test_int_061_064" name="test_int_063_mounted_path_read_only" time="0.158" /><testcase classname="tests.integration.architecture_p0.test_int_061_064" name="test_int_064_path_traversal_protection" time="0.134" /></testsuite></testsuites>