<?xml version="1.0" encoding="utf-8"?><testsuites name="pytest tests"><testsuite name="pytest" errors="0" failures="3" skipped="0" tests="6" time="219.642" timestamp="2026-02-25T06:24:39.991052+00:00" hostname="maksym-Latitude-5410"><testcase classname="tests.integration.frontend.p0.test_frontend_p0" name="test_int_157_session_history[chromium]" time="5.806" /><testcase classname="tests.integration.frontend.p0.test_frontend_p0" name="test_int_158_workflow_parity[chromium]" time="30.896" /><testcase classname="tests.integration.frontend.p0.test_frontend_p0" name="test_int_159_plan_approval_comment[chromium]" time="19.066" /><testcase classname="tests.integration.frontend.test_int_164" name="test_code_viewer_line_selection_and_mentions[chromium]" time="48.344"><failure message="AssertionError: Locator expected not to be visible&#10;Actual value: visible &#10;Call log:&#10;  - Expect &quot;to_be_visible&quot; with timeout 30000ms&#10;  - waiting for get_by_text(&quot;No Assets Loaded&quot;)&#10;    32 × locator resolved to &lt;h3 class=&quot;text-sm font-bold text-slate-200&quot;&gt;No Assets Loaded&lt;/h3&gt;&#10;       - unexpected value &quot;visible&quot;">page = &lt;Page url='http://localhost:15173/benchmark'&gt;

    @pytest.mark.integration_frontend
    def test_code_viewer_line_selection_and_mentions(page: Page):
        # 1. Navigate to the local development server
        page.goto("http://localhost:15173", timeout=60000)
    
        # 2. Navigate to the Benchmark page
        benchmark_link = page.get_by_role("link", name="Benchmark")
        expect(benchmark_link).to_be_visible(timeout=30000)
        benchmark_link.click()
    
        # 3. Click "CREATE NEW" button
        create_new_button = page.get_by_role("button", name="CREATE NEW")
        expect(create_new_button).to_be_visible(timeout=30000)
        create_new_button.click()
    
        # 4. Enter the prompt
        prompt_text = "Create a simple benchmark for moving a ball."
        prompt_input = page.locator("#chat-input")
        expect(prompt_input).to_be_visible(timeout=30000)
        prompt_input.fill(prompt_text)
    
        # 5. Submit the prompt
        send_button = page.get_by_label("Send Message")
        expect(send_button).to_be_enabled(timeout=30000)
        send_button.click()
    
        # 6. Wait for the "Confirm &amp; Start" button to appear and click it
        confirm_button = page.get_by_role("button", name="Confirm &amp; Start")
        expect(confirm_button).to_be_visible(timeout=120000)
        confirm_button.click()
    
        # 7. Wait for assets to be generated (Send Message button returns)
        expect(page.get_by_label("Send Message")).to_be_visible(timeout=120000)
    
        # Ensure Viewport overlays are gone before proceeding
&gt;       expect(page.get_by_text("No Assets Loaded")).not_to_be_visible(timeout=30000)
E       AssertionError: Locator expected not to be visible
E       Actual value: visible 
E       Call log:
E         - Expect "to_be_visible" with timeout 30000ms
E         - waiting for get_by_text("No Assets Loaded")
E           32 × locator resolved to &lt;h3 class="text-sm font-bold text-slate-200"&gt;No Assets Loaded&lt;/h3&gt;
E              - unexpected value "visible"

tests/integration/frontend/test_int_164.py:40: AssertionError</failure></testcase><testcase classname="tests.integration.frontend.test_int_165" name="test_cad_topology_selection_and_browser[chromium]" time="45.915"><failure message="AssertionError: Locator expected not to be visible&#10;Actual value: visible &#10;Call log:&#10;  - Expect &quot;to_be_visible&quot; with timeout 30000ms&#10;  - waiting for get_by_text(&quot;No Assets Loaded&quot;)&#10;    32 × locator resolved to &lt;h3 class=&quot;text-sm font-bold text-slate-200&quot;&gt;No Assets Loaded&lt;/h3&gt;&#10;       - unexpected value &quot;visible&quot;">page = &lt;Page url='http://localhost:15173/benchmark'&gt;

    @pytest.mark.integration_frontend
    def test_cad_topology_selection_and_browser(page: Page):
        # 1. Navigate to the local development server
        page.goto("http://localhost:15173", timeout=60000)
    
        # 2. Navigate to the Benchmark page
        benchmark_link = page.get_by_role("link", name="Benchmark")
        expect(benchmark_link).to_be_visible(timeout=30000)
        benchmark_link.click()
    
        # 3. Click "CREATE NEW" button
        create_new_button = page.get_by_role("button", name="CREATE NEW")
        expect(create_new_button).to_be_visible(timeout=30000)
        create_new_button.click()
    
        # 4. Enter the prompt
        prompt_text = "Create a simple cube benchmark."
        prompt_input = page.locator("#chat-input")
        expect(prompt_input).to_be_visible(timeout=30000)
        prompt_input.fill(prompt_text)
    
        # 5. Submit the prompt
        send_button = page.get_by_label("Send Message")
        expect(send_button).to_be_enabled(timeout=30000)
        send_button.click()
    
        # 6. Wait for the "Confirm &amp; Start" button and click it
        confirm_button = page.get_by_role("button", name="Confirm &amp; Start")
        expect(confirm_button).to_be_visible(timeout=120000)
        confirm_button.click()
    
        # 7. Wait for assets to be generated (Send Message button returns)
        # Note: We expect the 3D viewer to load after this.
        expect(page.get_by_label("Send Message")).to_be_visible(timeout=120000)
    
        # Ensure Viewport overlays are gone before proceeding
&gt;       expect(page.get_by_text("No Assets Loaded")).not_to_be_visible(timeout=30000)
E       AssertionError: Locator expected not to be visible
E       Actual value: visible 
E       Call log:
E         - Expect "to_be_visible" with timeout 30000ms
E         - waiting for get_by_text("No Assets Loaded")
E           32 × locator resolved to &lt;h3 class="text-sm font-bold text-slate-200"&gt;No Assets Loaded&lt;/h3&gt;
E              - unexpected value "visible"

tests/integration/frontend/test_int_165.py:42: AssertionError</failure></testcase><testcase classname="tests.integration.frontend.test_int_166" name="test_simulation_navigation_timeline[chromium]" time="46.524"><failure message="AssertionError: Locator expected not to be visible&#10;Actual value: visible &#10;Call log:&#10;  - Expect &quot;to_be_visible&quot; with timeout 30000ms&#10;  - waiting for get_by_text(&quot;No Assets Loaded&quot;)&#10;    32 × locator resolved to &lt;h3 class=&quot;text-sm font-bold text-slate-200&quot;&gt;No Assets Loaded&lt;/h3&gt;&#10;       - unexpected value &quot;visible&quot;">page = &lt;Page url='http://localhost:15173/benchmark'&gt;

    @pytest.mark.integration_frontend
    def test_simulation_navigation_timeline(page: Page):
        # 1. Navigate to the local development server
        page.goto("http://localhost:15173", timeout=60000)
    
        # 2. Navigate to the Benchmark page
        benchmark_link = page.get_by_role("link", name="Benchmark")
        expect(benchmark_link).to_be_visible(timeout=30000)
        benchmark_link.click()
    
        # 3. Click "CREATE NEW" button
        create_new_button = page.get_by_role("button", name="CREATE NEW")
        expect(create_new_button).to_be_visible(timeout=30000)
        create_new_button.click()
    
        # 4. Enter the prompt
        prompt_text = "Create a simple cube benchmark."
        prompt_input = page.locator("#chat-input")
        expect(prompt_input).to_be_visible(timeout=30000)
        prompt_input.fill(prompt_text)
    
        # 5. Submit the prompt
        send_button = page.get_by_label("Send Message")
        expect(send_button).to_be_enabled(timeout=30000)
        send_button.click()
    
        # 6. Wait for the "Confirm &amp; Start" button and click it
        confirm_button = page.get_by_role("button", name="Confirm &amp; Start")
        expect(confirm_button).to_be_visible(timeout=120000)
        confirm_button.click()
    
        # 7. Wait for assets to be generated (Send Message button returns)
        expect(page.get_by_label("Send Message")).to_be_visible(timeout=120000)
    
        # Ensure Viewport overlays are gone before proceeding
&gt;       expect(page.get_by_text("No Assets Loaded")).not_to_be_visible(timeout=30000)
E       AssertionError: Locator expected not to be visible
E       Actual value: visible 
E       Call log:
E         - Expect "to_be_visible" with timeout 30000ms
E         - waiting for get_by_text("No Assets Loaded")
E           32 × locator resolved to &lt;h3 class="text-sm font-bold text-slate-200"&gt;No Assets Loaded&lt;/h3&gt;
E              - unexpected value "visible"

tests/integration/frontend/test_int_166.py:40: AssertionError</failure></testcase></testsuite></testsuites>