<?xml version="1.0" encoding="utf-8"?><testsuites name="pytest tests"><testsuite name="pytest" errors="0" failures="1" skipped="0" tests="1" time="189.377" timestamp="2026-02-26T08:17:04.457196+00:00" hostname="maksym-Latitude-5410"><testcase classname="tests.integration.frontend.p0.test_int_172" name="test_int_172_plan_approval_control_placement[chromium]" time="189.134"><failure message="AssertionError: Locator expected to be visible&#10;Actual value: None&#10;Error: element(s) not found &#10;Call log:&#10;  - Expect &quot;to_be_visible&quot; with timeout 180000ms&#10;  - waiting for get_by_text(re.compile(r&quot;Execution Plan Ready&quot;, re.IGNORECASE))">page = &lt;Page url='http://localhost:15173/benchmark'&gt;

    @pytest.mark.integration_frontend
    def test_int_172_plan_approval_control_placement(page: Page):
        """
        INT-172: Approve/disapprove controls are available in both expected UI locations
        (chat-bottom and file-explorer/top-right) when planning is complete; controls are
        hidden/disabled before planner output is ready.
        """
        # 1. Start a benchmark generation
        page.goto(f"{FRONTEND_URL}/benchmark")
        page.wait_for_load_state("networkidle")
    
        # Click CREATE NEW
        page.get_by_test_id("create-new-button").click()
    
        prompt_text = f"Generate a simple benchmark for approval test {uuid.uuid4()}"
        page.locator("#chat-input").fill(prompt_text)
    
        # Verify controls are hidden/disabled before planner output is ready
        chat_confirm_button = page.get_by_test_id("chat-confirm-button")
        # We will just look for Confirm &amp; Start in chat
        expect(chat_confirm_button).not_to_be_visible()
    
        file_explorer_confirm_button = page.locator(
            "[data-testid='file-explorer-confirm-button']"
        )
        expect(file_explorer_confirm_button).not_to_be_visible()
    
        # Send message to start planning
        page.get_by_label("Send Message").click()
    
        # 2. Wait for the "Execution Plan Ready" card or completion of planning
&gt;       expect(page.get_by_text(re.compile("Execution Plan Ready", re.IGNORECASE))).to_be_visible(
            timeout=180000
        )
E       AssertionError: Locator expected to be visible
E       Actual value: None
E       Error: element(s) not found 
E       Call log:
E         - Expect "to_be_visible" with timeout 180000ms
E         - waiting for get_by_text(re.compile(r"Execution Plan Ready", re.IGNORECASE))

tests/integration/frontend/p0/test_int_172.py:44: AssertionError</failure></testcase></testsuite></testsuites>