<?xml version="1.0" encoding="utf-8"?><testsuites name="pytest tests"><testsuite name="pytest" errors="0" failures="0" skipped="0" tests="5" time="203.387" timestamp="2026-02-24T10:55:06.595043+00:00" hostname="maksym-Latitude-5410"><testcase classname="tests.integration.architecture_p0.test_architecture_p0" name="test_int_002_controller_worker_execution_boundary" time="111.484" /><testcase classname="tests.integration.architecture_p0.test_architecture_p0" name="test_int_004_simulation_serialization" time="55.205" /><testcase classname="tests.integration.architecture_p0.test_architecture_p0" name="test_int_023_fastener_validity_rules" time="28.954" /><testcase classname="tests.integration.architecture_p0.test_int_026_030" name="test_int_028_strict_api_schema_contract" time="0.757" /><testcase classname="tests.integration.architecture_p0.test_architecture_p0" name="test_int_021_runtime_randomization_robustness" time="6.592" /></testsuite></testsuites>