<?xml version="1.0" encoding="utf-8"?><testsuites name="pytest tests"><testsuite name="pytest" errors="0" failures="1" skipped="0" tests="1" time="126.378" timestamp="2026-02-25T08:09:54.660879+00:00" hostname="maksym-Latitude-5410"><testcase classname="tests.integration.frontend.test_int_164" name="test_code_viewer_line_selection_and_mentions[chromium]" time="126.106"><failure message="AssertionError: Locator expected to be visible&#10;Actual value: None&#10;Error: element(s) not found &#10;Call log:&#10;  - Expect &quot;to_be_visible&quot; with timeout 120000ms&#10;  - waiting for get_by_role(&quot;button&quot;, name=&quot;Confirm &amp; Start&quot;)">page = &lt;Page url='http://localhost:15173/benchmark'&gt;

    @pytest.mark.integration_frontend
    def test_code_viewer_line_selection_and_mentions(page: Page):
        # 1. Navigate to the local development server
        page.goto("http://localhost:15173", timeout=60000)
    
        # 2. Navigate to the Benchmark page
        benchmark_link = page.get_by_role("link", name="Benchmark")
        expect(benchmark_link).to_be_visible(timeout=30000)
        benchmark_link.click()
    
        # 3. Click "CREATE NEW" button
        create_new_button = page.get_by_role("button", name="CREATE NEW")
        expect(create_new_button).to_be_visible(timeout=30000)
        create_new_button.click()
    
        # 4. Enter the prompt
        prompt_text = "Create a simple benchmark for moving a ball."
        prompt_input = page.locator("#chat-input")
        expect(prompt_input).to_be_visible(timeout=30000)
        prompt_input.fill(prompt_text)
    
        # 5. Submit the prompt
        send_button = page.get_by_label("Send Message")
        expect(send_button).to_be_enabled(timeout=30000)
        send_button.click()
    
        # 6. Wait for the "Confirm &amp; Start" button to appear and click it
        confirm_button = page.get_by_role("button", name="Confirm &amp; Start")
&gt;       expect(confirm_button).to_be_visible(timeout=120000)
E       AssertionError: Locator expected to be visible
E       Actual value: None
E       Error: element(s) not found 
E       Call log:
E         - Expect "to_be_visible" with timeout 120000ms
E         - waiting for get_by_role("button", name="Confirm &amp; Start")

tests/integration/frontend/test_int_164.py:32: AssertionError</failure></testcase></testsuite></testsuites>