<?xml version="1.0" encoding="utf-8"?><testsuites name="pytest tests"><testsuite name="pytest" errors="0" failures="0" skipped="0" tests="8" time="223.841" timestamp="2026-02-26T17:14:02.084838+00:00" hostname="devbox"><testcase classname="tests.integration.architecture_p0.test_architecture_p0" name="test_int_001_compose_boot_health_contract" time="0.485" /><testcase classname="tests.integration.architecture_p0.test_architecture_p0" name="test_int_002_controller_worker_execution_boundary" time="10.365" /><testcase classname="tests.integration.architecture_p0.test_architecture_p0" name="test_int_003_session_filesystem_isolation" time="0.135" /><testcase classname="tests.integration.architecture_p0.test_architecture_p0" name="test_int_004_simulation_serialization" time="106.061" /><testcase classname="tests.integration.architecture_p0.test_architecture_p0" name="test_int_020_simulation_failure_taxonomy" time="6.451" /><testcase classname="tests.integration.architecture_p0.test_architecture_p0" name="test_int_021_runtime_randomization_robustness" time="0.332" /><testcase classname="tests.integration.architecture_p0.test_architecture_p0" name="test_int_022_motor_overload_behavior" time="6.273" /><testcase classname="tests.integration.architecture_p0.test_architecture_p0" name="test_int_023_fastener_validity_rules" time="86.917" /></testsuite></testsuites>