<?xml version="1.0" encoding="utf-8"?><testsuites name="pytest tests"><testsuite name="pytest" errors="0" failures="0" skipped="0" tests="3" time="34.271" timestamp="2026-02-24T15:24:57.439553+00:00" hostname="maksym-Latitude-5410"><testcase classname="tests.integration.frontend.p0.test_frontend_p0" name="test_int_157_session_history[chromium]" time="4.903" /><testcase classname="tests.integration.frontend.p0.test_frontend_p0" name="test_int_158_workflow_parity[chromium]" time="17.940" /><testcase classname="tests.integration.frontend.p0.test_frontend_p0" name="test_int_159_plan_approval_comment[chromium]" time="11.375" /></testsuite></testsuites>