<?xml version="1.0" encoding="utf-8"?><testsuites name="pytest tests"><testsuite name="pytest" errors="0" failures="0" skipped="0" tests="4" time="20.272" timestamp="2026-02-25T14:54:36.326954+00:00" hostname="devbox"><testcase classname="tests.integration.architecture_p0.test_observability" name="test_int_053_temporal_workflow_lifecycle" time="6.321" /><testcase classname="tests.integration.architecture_p0.test_observability" name="test_int_055_s3_artifact_upload_logging" time="1.423" /><testcase classname="tests.integration.architecture_p0.test_observability" name="test_int_054_temporal_failure_path" time="3.728" /><testcase classname="tests.integration.architecture_p0.test_observability" name="test_int_056_s3_upload_failure_retry" time="1.340" /></testsuite></testsuites>