<?xml version="1.0" encoding="utf-8"?><testsuites name="pytest tests"><testsuite name="pytest" errors="0" failures="0" skipped="0" tests="5" time="90.415" timestamp="2026-02-25T17:06:47.549002+00:00" hostname="maksym-Latitude-5410"><testcase classname="tests.integration.architecture_p0.test_missing_p0" name="test_int_004_episode_artifact_persistence" time="0.438" /><testcase classname="tests.integration.architecture_p0.test_missing_p0" name="test_int_005_trace_realtime_broadcast" time="5.154" /><testcase classname="tests.integration.architecture_p0.test_missing_p0" name="test_int_011_planner_target_caps_validation" time="0.097" /><testcase classname="tests.integration.architecture_p0.test_missing_p0" name="test_int_014_cots_propagation" time="5.132" /><testcase classname="tests.integration.architecture_p0.test_missing_p0" name="test_int_025_events_collection_e2e" time="75.430" /></testsuite></testsuites>